Using pre-set license
Built from '2020.3/staging' branch; Version is '2020.3.0f1 (c7b5465681fb) revision 13088070'; Using compiler version '192528614'; Build Type 'Release'
OS: 'Windows 10 Enterprise LTSC 2019; OS build 17763.253; Version 1809; 64bit' Language: 'ru' Physical Memory: 4031 MB
BatchMode: 1, IsHumanControllingUs: 0, StartBugReporterOnCrash: 0, Is64bit: 1, IsPro: 0

 COMMAND LINE ARGUMENTS:
C:\Program Files\Unity\Hub\Editor\2020.3.0f1\Editor\Unity.exe
-adb2
-batchMode
-noUpm
-name
AssetImportWorker0
-projectPath
D:/GitHub/Projects/3D-example/Example 3D Game
-logFile
Logs/AssetImportWorker0.log
-srvPort
57271
Successfully changed project path to: D:/GitHub/Projects/3D-example/Example 3D Game
D:/GitHub/Projects/3D-example/Example 3D Game
Using Asset Import Pipeline V2.
Refreshing native plugins compatible for Editor in 32.67 ms, found 0 plugins.
Preloading 0 native plugins for Editor in 0.00 ms.
Initialize engine version: 2020.3.0f1 (c7b5465681fb)
[Subsystems] Discovering subsystems at path C:/Program Files/Unity/Hub/Editor/2020.3.0f1/Editor/Data/Resources/UnitySubsystems
[Subsystems] Discovering subsystems at path D:/GitHub/Projects/3D-example/Example 3D Game/Assets
GfxDevice: creating device client; threaded=0
Direct3D:
    Version:  Direct3D 11.0 [level 10.0]
    Renderer: NVIDIA GeForce 9600 GT (ID=0x622)
    Vendor:   
    VRAM:     490 MB
    Driver:   21.21.13.4201
Initialize mono
Mono path[0] = 'C:/Program Files/Unity/Hub/Editor/2020.3.0f1/Editor/Data/Managed'
Mono path[1] = 'C:/Program Files/Unity/Hub/Editor/2020.3.0f1/Editor/Data/MonoBleedingEdge/lib/mono/unityjit'
Mono config path = 'C:/Program Files/Unity/Hub/Editor/2020.3.0f1/Editor/Data/MonoBleedingEdge/etc'
Using monoOptions --debugger-agent=transport=dt_socket,embedding=1,server=y,suspend=n,address=127.0.0.1:56340
Begin MonoManager ReloadAssembly
Registering precompiled unity dll's ...
Register platform support module: C:/Program Files/Unity/Hub/Editor/2020.3.0f1/Editor/Data/PlaybackEngines/WindowsStandaloneSupport/UnityEditor.WindowsStandalone.Extensions.dll
Registered in 0.002192 seconds.
Native extension for WindowsStandalone target not found
Refreshing native plugins compatible for Editor in 34.56 ms, found 0 plugins.
Preloading 0 native plugins for Editor in 0.00 ms.
Invoked RoslynAnalysisRunner static constructor.
RoslynAnalysisRunner will not be running.
RoslynAnalysisRunner has terminated.
Mono: successfully reloaded assembly
- Completed reload, in  2.905 seconds
Platform modules already initialized, skipping
Registering precompiled user dll's ...
Registered in 0.001164 seconds.
Begin MonoManager ReloadAssembly
Native extension for WindowsStandalone target not found
Refreshing native plugins compatible for Editor in 0.42 ms, found 0 plugins.
Preloading 0 native plugins for Editor in 0.00 ms.
Invoked RoslynAnalysisRunner static constructor.
RoslynAnalysisRunner will not be running.
RoslynAnalysisRunner has terminated.
Mono: successfully reloaded assembly
- Completed reload, in  1.010 seconds
Platform modules already initialized, skipping
========================================================================
Worker process is ready to serve import requests
Launched and connected shader compiler UnityShaderCompiler.exe after 0.05 seconds
Refreshing native plugins compatible for Editor in 0.38 ms, found 0 plugins.
Preloading 0 native plugins for Editor in 0.00 ms.
Unloading 1420 Unused Serialized files (Serialized files now loaded: 0)
System memory in use before: 105.0 MB.
System memory in use after: 104.9 MB.

Unloading 17 unused Assets to reduce memory usage. Loaded Objects now: 1882.
Total: 2.473400 ms (FindLiveObjects: 0.244400 ms CreateObjectMapping: 0.068400 ms MarkObjects: 1.948400 ms  DeleteObjects: 0.210500 ms)

========================================================================
Received Import Request.
  path: Assets/Scenes/First.unity
  artifactKey: Guid(f113c88af674f8c448ea6a035ff584af) Importer(815301076,1909f56bfc062723c751e8b465ee728b)
Start importing Assets/Scenes/First.unity using Guid(f113c88af674f8c448ea6a035ff584af) Importer(815301076,1909f56bfc062723c751e8b465ee728b)  -> (artifact id: 'bda4eead57501a6bfb73ce1315e1e565') in 0.036705 seconds
  Import took 0.111805 seconds .

========================================================================
Received Import Request.
  Time since last request: 53.492150 seconds.
  path: Assets/Scripts/LockedMouse
  artifactKey: Guid(cccbba952f8e8e54690a7fa60cc61481) Importer(815301076,1909f56bfc062723c751e8b465ee728b)
Start importing Assets/Scripts/LockedMouse using Guid(cccbba952f8e8e54690a7fa60cc61481) Importer(815301076,1909f56bfc062723c751e8b465ee728b)  -> (artifact id: '17142abda6fc6d3ced11557d7c616966') in 0.001380 seconds
  Import took 0.027551 seconds .

========================================================================
Received Import Request.
  Time since last request: 12.314198 seconds.
  path: Assets/Scripts/LockedMouse/LockedMouse.cs
  artifactKey: Guid(a5bab6affbb2c494da9c4d972d381f45) Importer(815301076,1909f56bfc062723c751e8b465ee728b)
Start importing Assets/Scripts/LockedMouse/LockedMouse.cs using Guid(a5bab6affbb2c494da9c4d972d381f45) Importer(815301076,1909f56bfc062723c751e8b465ee728b)  -> (artifact id: '7df332e27bac71b09735071623c33172') in 0.035831 seconds
  Import took 0.055721 seconds .

========================================================================
Received Import Request.
  Time since last request: 84.089122 seconds.
  path: Assets/Scripts/LockedMouse/LockedMouse.cs
  artifactKey: Guid(a5bab6affbb2c494da9c4d972d381f45) Importer(815301076,1909f56bfc062723c751e8b465ee728b)
Start importing Assets/Scripts/LockedMouse/LockedMouse.cs using Guid(a5bab6affbb2c494da9c4d972d381f45) Importer(815301076,1909f56bfc062723c751e8b465ee728b)  -> (artifact id: '56c6bea06eb6672952ab7329e21cee56') in 0.062163 seconds
  Import took 0.112093 seconds .

========================================================================
Received Import Request.
  Time since last request: 1.712444 seconds.
  path: Assets/Scripts/LockedMouse/LockedMouse.cs
  artifactKey: Guid(a5bab6affbb2c494da9c4d972d381f45) Importer(815301076,1909f56bfc062723c751e8b465ee728b)
Start importing Assets/Scripts/LockedMouse/LockedMouse.cs using Guid(a5bab6affbb2c494da9c4d972d381f45) Importer(815301076,1909f56bfc062723c751e8b465ee728b)  -> (artifact id: '691be83e4951779b55b333e5aa16daa6') in 0.002620 seconds
  Import took 0.034569 seconds .

========================================================================
Received Prepare
Registering precompiled user dll's ...
Registered in 0.001742 seconds.
Begin MonoManager ReloadAssembly
Native extension for WindowsStandalone target not found
Refreshing native plugins compatible for Editor in 0.64 ms, found 0 plugins.
Preloading 0 native plugins for Editor in 0.00 ms.
Invoked RoslynAnalysisRunner static constructor.
RoslynAnalysisRunner will not be running.
RoslynAnalysisRunner has terminated.
Mono: successfully reloaded assembly
- Completed reload, in  2.342 seconds
Platform modules already initialized, skipping
Refreshing native plugins compatible for Editor in 0.34 ms, found 0 plugins.
Preloading 0 native plugins for Editor in 0.00 ms.
Unloading 1373 Unused Serialized files (Serialized files now loaded: 0)
System memory in use before: 101.7 MB.
System memory in use after: 101.7 MB.

Unloading 12 unused Assets to reduce memory usage. Loaded Objects now: 1887.
Total: 2.876500 ms (FindLiveObjects: 0.170600 ms CreateObjectMapping: 0.054700 ms MarkObjects: 2.432000 ms  DeleteObjects: 0.217500 ms)

========================================================================
Received Prepare
Registering precompiled user dll's ...
Registered in 0.001202 seconds.
Begin MonoManager ReloadAssembly
Native extension for WindowsStandalone target not found
Refreshing native plugins compatible for Editor in 0.36 ms, found 0 plugins.
Preloading 0 native plugins for Editor in 0.00 ms.
Invoked RoslynAnalysisRunner static constructor.
RoslynAnalysisRunner will not be running.
RoslynAnalysisRunner has terminated.
Mono: successfully reloaded assembly
- Completed reload, in  1.004 seconds
Platform modules already initialized, skipping
Refreshing native plugins compatible for Editor in 0.37 ms, found 0 plugins.
Preloading 0 native plugins for Editor in 0.00 ms.
Unloading 1372 Unused Serialized files (Serialized files now loaded: 0)
System memory in use before: 101.7 MB.
System memory in use after: 101.7 MB.

Unloading 12 unused Assets to reduce memory usage. Loaded Objects now: 1890.
Total: 5.061100 ms (FindLiveObjects: 0.365200 ms CreateObjectMapping: 0.057400 ms MarkObjects: 4.418500 ms  DeleteObjects: 0.214500 ms)

========================================================================
Received Prepare
Registering precompiled user dll's ...
Registered in 0.001533 seconds.
Begin MonoManager ReloadAssembly
Native extension for WindowsStandalone target not found
Refreshing native plugins compatible for Editor in 0.43 ms, found 0 plugins.
Preloading 0 native plugins for Editor in 0.00 ms.
Invoked RoslynAnalysisRunner static constructor.
RoslynAnalysisRunner will not be running.
RoslynAnalysisRunner has terminated.
Mono: successfully reloaded assembly
- Completed reload, in  0.900 seconds
Platform modules already initialized, skipping
Refreshing native plugins compatible for Editor in 0.37 ms, found 0 plugins.
Preloading 0 native plugins for Editor in 0.00 ms.
Unloading 1372 Unused Serialized files (Serialized files now loaded: 0)
System memory in use before: 101.7 MB.
System memory in use after: 101.7 MB.

Unloading 12 unused Assets to reduce memory usage. Loaded Objects now: 1893.
Total: 2.216600 ms (FindLiveObjects: 0.176700 ms CreateObjectMapping: 0.064800 ms MarkObjects: 1.818400 ms  DeleteObjects: 0.154800 ms)

========================================================================
Received Prepare
Registering precompiled user dll's ...
Registered in 0.001016 seconds.
Begin MonoManager ReloadAssembly
Native extension for WindowsStandalone target not found
Refreshing native plugins compatible for Editor in 0.34 ms, found 0 plugins.
Preloading 0 native plugins for Editor in 0.00 ms.
Invoked RoslynAnalysisRunner static constructor.
RoslynAnalysisRunner will not be running.
RoslynAnalysisRunner has terminated.
Mono: successfully reloaded assembly
- Completed reload, in  0.903 seconds
Platform modules already initialized, skipping
Refreshing native plugins compatible for Editor in 0.36 ms, found 0 plugins.
Preloading 0 native plugins for Editor in 0.00 ms.
Unloading 1372 Unused Serialized files (Serialized files now loaded: 0)
System memory in use before: 101.7 MB.
System memory in use after: 101.7 MB.

Unloading 12 unused Assets to reduce memory usage. Loaded Objects now: 1896.
Total: 2.308300 ms (FindLiveObjects: 0.202300 ms CreateObjectMapping: 0.058900 ms MarkObjects: 1.879900 ms  DeleteObjects: 0.165700 ms)

========================================================================
Received Prepare
Registering precompiled user dll's ...
Registered in 0.001275 seconds.
Begin MonoManager ReloadAssembly
Native extension for WindowsStandalone target not found
Refreshing native plugins compatible for Editor in 0.32 ms, found 0 plugins.
Preloading 0 native plugins for Editor in 0.00 ms.
Invoked RoslynAnalysisRunner static constructor.
RoslynAnalysisRunner will not be running.
RoslynAnalysisRunner has terminated.
Mono: successfully reloaded assembly
- Completed reload, in  0.877 seconds
Platform modules already initialized, skipping
Refreshing native plugins compatible for Editor in 0.39 ms, found 0 plugins.
Preloading 0 native plugins for Editor in 0.00 ms.
Unloading 1372 Unused Serialized files (Serialized files now loaded: 0)
System memory in use before: 101.7 MB.
System memory in use after: 101.7 MB.

Unloading 12 unused Assets to reduce memory usage. Loaded Objects now: 1899.
Total: 2.280100 ms (FindLiveObjects: 0.215500 ms CreateObjectMapping: 0.063900 ms MarkObjects: 1.839400 ms  DeleteObjects: 0.159800 ms)

========================================================================
Received Import Request.
  Time since last request: 940.731764 seconds.
  path: Assets/Scripts/PauseMenu
  artifactKey: Guid(e0face287e32b0f4a92c372fdcd6898d) Importer(815301076,1909f56bfc062723c751e8b465ee728b)
Start importing Assets/Scripts/PauseMenu using Guid(e0face287e32b0f4a92c372fdcd6898d) Importer(815301076,1909f56bfc062723c751e8b465ee728b)  -> (artifact id: '6801357a4054c8cc71a3da1129731acd') in 0.006011 seconds
  Import took 0.061308 seconds .

========================================================================
Received Import Request.
  Time since last request: 10.124538 seconds.
  path: Assets/Scripts/PauseMenu/PauseMenu.cs
  artifactKey: Guid(bd2a2ac9038435a4b839711ddde97ca2) Importer(815301076,1909f56bfc062723c751e8b465ee728b)
Start importing Assets/Scripts/PauseMenu/PauseMenu.cs using Guid(bd2a2ac9038435a4b839711ddde97ca2) Importer(815301076,1909f56bfc062723c751e8b465ee728b)  -> (artifact id: 'c4cd8123fe91109ded28ecef4bfd1edf') in 0.002338 seconds
  Import took 0.019824 seconds .

========================================================================
Received Import Request.
  Time since last request: 0.000979 seconds.
  path: Assets/Scripts/PauseMenu/PauseMenu.cs
  artifactKey: Guid(bd2a2ac9038435a4b839711ddde97ca2) Importer(815301076,1909f56bfc062723c751e8b465ee728b)
Start importing Assets/Scripts/PauseMenu/PauseMenu.cs using Guid(bd2a2ac9038435a4b839711ddde97ca2) Importer(815301076,1909f56bfc062723c751e8b465ee728b)  -> (artifact id: 'c4cd8123fe91109ded28ecef4bfd1edf') in 0.001878 seconds
  Import took 0.019273 seconds .

========================================================================
Received Prepare
Registering precompiled user dll's ...
Registered in 0.000991 seconds.
Begin MonoManager ReloadAssembly
Native extension for WindowsStandalone target not found
Refreshing native plugins compatible for Editor in 0.35 ms, found 0 plugins.
Preloading 0 native plugins for Editor in 0.00 ms.
Invoked RoslynAnalysisRunner static constructor.
RoslynAnalysisRunner will not be running.
RoslynAnalysisRunner has terminated.
Mono: successfully reloaded assembly
- Completed reload, in  0.811 seconds
Platform modules already initialized, skipping
Refreshing native plugins compatible for Editor in 0.34 ms, found 0 plugins.
Preloading 0 native plugins for Editor in 0.00 ms.
Unloading 1373 Unused Serialized files (Serialized files now loaded: 0)
System memory in use before: 101.7 MB.
System memory in use after: 101.7 MB.

Unloading 12 unused Assets to reduce memory usage. Loaded Objects now: 1903.
Total: 2.462800 ms (FindLiveObjects: 0.312100 ms CreateObjectMapping: 0.049700 ms MarkObjects: 1.949800 ms  DeleteObjects: 0.149900 ms)

========================================================================
Received Import Request.
  Time since last request: 211.842848 seconds.
  path: Assets/Scripts/PauseMenu/PauseMenu.cs
  artifactKey: Guid(bd2a2ac9038435a4b839711ddde97ca2) Importer(815301076,1909f56bfc062723c751e8b465ee728b)
Start importing Assets/Scripts/PauseMenu/PauseMenu.cs using Guid(bd2a2ac9038435a4b839711ddde97ca2) Importer(815301076,1909f56bfc062723c751e8b465ee728b)  -> (artifact id: '4048cec51906384912866b48f269bbb6') in 0.004349 seconds
  Import took 0.085099 seconds .

========================================================================
Received Prepare
Registering precompiled user dll's ...
Registered in 0.001153 seconds.
Begin MonoManager ReloadAssembly
Native extension for WindowsStandalone target not found
Refreshing native plugins compatible for Editor in 0.33 ms, found 0 plugins.
Preloading 0 native plugins for Editor in 0.00 ms.
Invoked RoslynAnalysisRunner static constructor.
RoslynAnalysisRunner will not be running.
RoslynAnalysisRunner has terminated.
Mono: successfully reloaded assembly
- Completed reload, in  0.842 seconds
Platform modules already initialized, skipping
Refreshing native plugins compatible for Editor in 0.40 ms, found 0 plugins.
Preloading 0 native plugins for Editor in 0.00 ms.
Unloading 1373 Unused Serialized files (Serialized files now loaded: 0)
System memory in use before: 101.7 MB.
System memory in use after: 101.7 MB.

Unloading 12 unused Assets to reduce memory usage. Loaded Objects now: 1906.
Total: 2.364500 ms (FindLiveObjects: 0.192300 ms CreateObjectMapping: 0.055400 ms MarkObjects: 1.956900 ms  DeleteObjects: 0.158000 ms)

========================================================================
Received Prepare
Registering precompiled user dll's ...
Registered in 0.001045 seconds.
Begin MonoManager ReloadAssembly
Native extension for WindowsStandalone target not found
Refreshing native plugins compatible for Editor in 0.34 ms, found 0 plugins.
Preloading 0 native plugins for Editor in 0.00 ms.
Invoked RoslynAnalysisRunner static constructor.
RoslynAnalysisRunner will not be running.
RoslynAnalysisRunner has terminated.
Mono: successfully reloaded assembly
- Completed reload, in  0.825 seconds
Platform modules already initialized, skipping
Refreshing native plugins compatible for Editor in 0.36 ms, found 0 plugins.
Preloading 0 native plugins for Editor in 0.00 ms.
Unloading 1373 Unused Serialized files (Serialized files now loaded: 0)
System memory in use before: 101.7 MB.
System memory in use after: 101.7 MB.

Unloading 12 unused Assets to reduce memory usage. Loaded Objects now: 1909.
Total: 2.102000 ms (FindLiveObjects: 0.170400 ms CreateObjectMapping: 0.054400 ms MarkObjects: 1.717200 ms  DeleteObjects: 0.158600 ms)

========================================================================
Received Prepare
Registering precompiled user dll's ...
Registered in 0.001123 seconds.
Begin MonoManager ReloadAssembly
Native extension for WindowsStandalone target not found
Refreshing native plugins compatible for Editor in 0.32 ms, found 0 plugins.
Preloading 0 native plugins for Editor in 0.00 ms.
Invoked RoslynAnalysisRunner static constructor.
RoslynAnalysisRunner will not be running.
RoslynAnalysisRunner has terminated.
Mono: successfully reloaded assembly
- Completed reload, in  0.882 seconds
Platform modules already initialized, skipping
Refreshing native plugins compatible for Editor in 0.39 ms, found 0 plugins.
Preloading 0 native plugins for Editor in 0.00 ms.
Unloading 1373 Unused Serialized files (Serialized files now loaded: 0)
System memory in use before: 101.8 MB.
System memory in use after: 101.7 MB.

Unloading 12 unused Assets to reduce memory usage. Loaded Objects now: 1912.
Total: 3.787800 ms (FindLiveObjects: 0.240200 ms CreateObjectMapping: 0.132700 ms MarkObjects: 3.185800 ms  DeleteObjects: 0.227400 ms)

========================================================================
Received Prepare
Registering precompiled user dll's ...
Registered in 0.001078 seconds.
Begin MonoManager ReloadAssembly
Native extension for WindowsStandalone target not found
Refreshing native plugins compatible for Editor in 0.40 ms, found 0 plugins.
Preloading 0 native plugins for Editor in 0.00 ms.
Invoked RoslynAnalysisRunner static constructor.
RoslynAnalysisRunner will not be running.
RoslynAnalysisRunner has terminated.
Mono: successfully reloaded assembly
- Completed reload, in  0.836 seconds
Platform modules already initialized, skipping
Refreshing native plugins compatible for Editor in 0.49 ms, found 0 plugins.
Preloading 0 native plugins for Editor in 0.00 ms.
Unloading 1373 Unused Serialized files (Serialized files now loaded: 0)
System memory in use before: 101.8 MB.
System memory in use after: 101.7 MB.

Unloading 12 unused Assets to reduce memory usage. Loaded Objects now: 1915.
Total: 2.212600 ms (FindLiveObjects: 0.182600 ms CreateObjectMapping: 0.063400 ms MarkObjects: 1.802900 ms  DeleteObjects: 0.162000 ms)

========================================================================
Received Prepare
Registering precompiled user dll's ...
Registered in 0.001096 seconds.
Begin MonoManager ReloadAssembly
Native extension for WindowsStandalone target not found
Refreshing native plugins compatible for Editor in 0.34 ms, found 0 plugins.
Preloading 0 native plugins for Editor in 0.00 ms.
Invoked RoslynAnalysisRunner static constructor.
RoslynAnalysisRunner will not be running.
RoslynAnalysisRunner has terminated.
Mono: successfully reloaded assembly
- Completed reload, in  1.014 seconds
Platform modules already initialized, skipping
Refreshing native plugins compatible for Editor in 0.40 ms, found 0 plugins.
Preloading 0 native plugins for Editor in 0.00 ms.
Unloading 1373 Unused Serialized files (Serialized files now loaded: 0)
System memory in use before: 101.8 MB.
System memory in use after: 101.7 MB.

Unloading 12 unused Assets to reduce memory usage. Loaded Objects now: 1918.
Total: 6.927600 ms (FindLiveObjects: 0.187300 ms CreateObjectMapping: 0.064000 ms MarkObjects: 6.386000 ms  DeleteObjects: 0.288400 ms)

========================================================================
Received Prepare
Registering precompiled user dll's ...
Registered in 0.001100 seconds.
Begin MonoManager ReloadAssembly
Native extension for WindowsStandalone target not found
Refreshing native plugins compatible for Editor in 0.33 ms, found 0 plugins.
Preloading 0 native plugins for Editor in 0.00 ms.
Invoked RoslynAnalysisRunner static constructor.
RoslynAnalysisRunner will not be running.
RoslynAnalysisRunner has terminated.
Mono: successfully reloaded assembly
- Completed reload, in  0.940 seconds
Platform modules already initialized, skipping
Refreshing native plugins compatible for Editor in 0.44 ms, found 0 plugins.
Preloading 0 native plugins for Editor in 0.00 ms.
Unloading 1372 Unused Serialized files (Serialized files now loaded: 0)
System memory in use before: 101.7 MB.
System memory in use after: 101.7 MB.

Unloading 12 unused Assets to reduce memory usage. Loaded Objects now: 1921.
Total: 7.420800 ms (FindLiveObjects: 0.169000 ms CreateObjectMapping: 0.053400 ms MarkObjects: 6.578200 ms  DeleteObjects: 0.618100 ms)

========================================================================
Received Prepare
Registering precompiled user dll's ...
Registered in 0.001038 seconds.
Begin MonoManager ReloadAssembly
Native extension for WindowsStandalone target not found
Refreshing native plugins compatible for Editor in 0.32 ms, found 0 plugins.
Preloading 0 native plugins for Editor in 0.00 ms.
Invoked RoslynAnalysisRunner static constructor.
RoslynAnalysisRunner will not be running.
RoslynAnalysisRunner has terminated.
Mono: successfully reloaded assembly
- Completed reload, in  0.854 seconds
Platform modules already initialized, skipping
Refreshing native plugins compatible for Editor in 0.36 ms, found 0 plugins.
Preloading 0 native plugins for Editor in 0.00 ms.
Unloading 1372 Unused Serialized files (Serialized files now loaded: 0)
System memory in use before: 101.7 MB.
System memory in use after: 101.7 MB.

Unloading 12 unused Assets to reduce memory usage. Loaded Objects now: 1924.
Total: 2.221400 ms (FindLiveObjects: 0.172900 ms CreateObjectMapping: 0.056000 ms MarkObjects: 1.764400 ms  DeleteObjects: 0.226500 ms)

========================================================================
Received Import Request.
  Time since last request: 695.317156 seconds.
  path: Assets/Scenes/First.unity
  artifactKey: Guid(f113c88af674f8c448ea6a035ff584af) Importer(815301076,1909f56bfc062723c751e8b465ee728b)
Start importing Assets/Scenes/First.unity using Guid(f113c88af674f8c448ea6a035ff584af) Importer(815301076,1909f56bfc062723c751e8b465ee728b)  -> (artifact id: '48c5df22d772551f1cea54932274a2e6') in 0.017616 seconds
  Import took 0.050673 seconds .

========================================================================
Received Import Request.
  Time since last request: 93.699080 seconds.
  path: Assets/Animation/PauseMenu
  artifactKey: Guid(7580f5569619ce84c9f9f016ee4dd6d9) Importer(815301076,1909f56bfc062723c751e8b465ee728b)
Start importing Assets/Animation/PauseMenu using Guid(7580f5569619ce84c9f9f016ee4dd6d9) Importer(815301076,1909f56bfc062723c751e8b465ee728b)  -> (artifact id: '8a2154217297652fa2699fccdb515256') in 0.002408 seconds
  Import took 0.020504 seconds .

========================================================================
Received Import Request.
  Time since last request: 0.693503 seconds.
  path: Assets/Animation/PauseMenu/PauseMenu.anim
  artifactKey: Guid(0e261e5dbe7905b4aadafcaf76b3681a) Importer(815301076,1909f56bfc062723c751e8b465ee728b)
Start importing Assets/Animation/PauseMenu/PauseMenu.anim using Guid(0e261e5dbe7905b4aadafcaf76b3681a) Importer(815301076,1909f56bfc062723c751e8b465ee728b)  -> (artifact id: '4b1106a15a84f0859fedc363de59da5d') in 0.014887 seconds
  Import took 0.059190 seconds .

========================================================================
Received Import Request.
  Time since last request: 68.104483 seconds.
  path: Assets/Scenes/First.unity
  artifactKey: Guid(f113c88af674f8c448ea6a035ff584af) Importer(815301076,1909f56bfc062723c751e8b465ee728b)
Start importing Assets/Scenes/First.unity using Guid(f113c88af674f8c448ea6a035ff584af) Importer(815301076,1909f56bfc062723c751e8b465ee728b)  -> (artifact id: '4e78aadd29fd0c9c06334a6af8565df5') in 0.002166 seconds
  Import took 0.016829 seconds .

========================================================================
Received Prepare
Registering precompiled user dll's ...
Registered in 0.001103 seconds.
Begin MonoManager ReloadAssembly
Native extension for WindowsStandalone target not found
Refreshing native plugins compatible for Editor in 0.33 ms, found 0 plugins.
Preloading 0 native plugins for Editor in 0.00 ms.
Invoked RoslynAnalysisRunner static constructor.
RoslynAnalysisRunner will not be running.
RoslynAnalysisRunner has terminated.
Mono: successfully reloaded assembly
- Completed reload, in  0.869 seconds
Platform modules already initialized, skipping
Refreshing native plugins compatible for Editor in 0.40 ms, found 0 plugins.
Preloading 0 native plugins for Editor in 0.00 ms.
Unloading 1372 Unused Serialized files (Serialized files now loaded: 0)
System memory in use before: 101.7 MB.
System memory in use after: 101.7 MB.

Unloading 12 unused Assets to reduce memory usage. Loaded Objects now: 1927.
Total: 2.314300 ms (FindLiveObjects: 0.181700 ms CreateObjectMapping: 0.058400 ms MarkObjects: 1.908600 ms  DeleteObjects: 0.164100 ms)

========================================================================
Received Import Request.
  Time since last request: 8.070065 seconds.
  path: Assets/Scenes/First.unity
  artifactKey: Guid(f113c88af674f8c448ea6a035ff584af) Importer(815301076,1909f56bfc062723c751e8b465ee728b)
Start importing Assets/Scenes/First.unity using Guid(f113c88af674f8c448ea6a035ff584af) Importer(815301076,1909f56bfc062723c751e8b465ee728b)  -> (artifact id: 'bc54a2593e84ab84fe0f7265dc175da9') in 0.010114 seconds
  Import took 0.032560 seconds .

========================================================================
Received Prepare
Registering precompiled user dll's ...
Registered in 0.001151 seconds.
Begin MonoManager ReloadAssembly
Native extension for WindowsStandalone target not found
Refreshing native plugins compatible for Editor in 0.32 ms, found 0 plugins.
Preloading 0 native plugins for Editor in 0.00 ms.
Invoked RoslynAnalysisRunner static constructor.
RoslynAnalysisRunner will not be running.
RoslynAnalysisRunner has terminated.
Mono: successfully reloaded assembly
- Completed reload, in  0.855 seconds
Platform modules already initialized, skipping
Refreshing native plugins compatible for Editor in 0.39 ms, found 0 plugins.
Preloading 0 native plugins for Editor in 0.00 ms.
Unloading 1372 Unused Serialized files (Serialized files now loaded: 0)
System memory in use before: 101.8 MB.
System memory in use after: 101.7 MB.

Unloading 12 unused Assets to reduce memory usage. Loaded Objects now: 1930.
Total: 2.200900 ms (FindLiveObjects: 0.192800 ms CreateObjectMapping: 0.061800 ms MarkObjects: 1.780400 ms  DeleteObjects: 0.164300 ms)

========================================================================
Received Prepare
Registering precompiled user dll's ...
Registered in 0.001085 seconds.
Begin MonoManager ReloadAssembly
Native extension for WindowsStandalone target not found
Refreshing native plugins compatible for Editor in 0.33 ms, found 0 plugins.
Preloading 0 native plugins for Editor in 0.00 ms.
Invoked RoslynAnalysisRunner static constructor.
RoslynAnalysisRunner will not be running.
RoslynAnalysisRunner has terminated.
Mono: successfully reloaded assembly
- Completed reload, in  0.838 seconds
Platform modules already initialized, skipping
Refreshing native plugins compatible for Editor in 0.42 ms, found 0 plugins.
Preloading 0 native plugins for Editor in 0.00 ms.
Unloading 1372 Unused Serialized files (Serialized files now loaded: 0)
System memory in use before: 101.8 MB.
System memory in use after: 101.7 MB.

Unloading 12 unused Assets to reduce memory usage. Loaded Objects now: 1933.
Total: 2.481700 ms (FindLiveObjects: 0.174800 ms CreateObjectMapping: 0.059300 ms MarkObjects: 2.072100 ms  DeleteObjects: 0.174000 ms)

